<?xml version="1.0" encoding="utf-8"?><testsuites name="pytest tests"><testsuite name="pytest" errors="0" failures="1" skipped="0" tests="10" time="83.611" timestamp="2026-04-19T04:59:32.200933+00:00" hostname="agent-env-dfe437ae-9533-4801-9d7d-91ca191b352b"><testcase classname="backend.tests.test_iteration17_features.TestTruncation" name="test_ten_responses_end_properly" time="38.342" /><testcase classname="backend.tests.test_iteration17_features.TestMultilingual" name="test_each_language" time="27.672"><failure message="AssertionError: Multilingual failures: [('zh', 'no-clean-end', '嗯……听起来夜晚对你来说变得很艰难。\n\n焦虑像是一直在脑海里转圈，对吗？'), ('ar', 'no-clean-end', ' جديد... أم أنه يزداد تدريجياً منذ فترة؟')]&#10;assert not [('zh', 'no-clean-end', '嗯……听起来夜晚对你来说变得很艰难。\n\n焦虑像是一直在脑海里转圈，对吗？'), ('ar', 'no-clean-end', ' جديد... أم أنه يزداد تدريجياً منذ فترة؟')]">backend/tests/test_iteration17_features.py:141: in test_each_language
    assert not failures, f"Multilingual failures: {failures}"
E   AssertionError: Multilingual failures: [('zh', 'no-clean-end', '嗯……听起来夜晚对你来说变得很艰难。\n\n焦虑像是一直在脑海里转圈，对吗？'), ('ar', 'no-clean-end', ' جديد... أم أنه يزداد تدريجياً منذ فترة؟')]
E   assert not [('zh', 'no-clean-end', '嗯……听起来夜晚对你来说变得很艰难。\n\n焦虑像是一直在脑海里转圈，对吗？'), ('ar', 'no-clean-end', ' جديد... أم أنه يزداد تدريجياً منذ فترة؟')]</failure></testcase><testcase classname="backend.tests.test_iteration17_features.TestGenderSwitch" name="test_male_then_female" time="4.520" /><testcase classname="backend.tests.test_iteration17_features.TestConfidentiality" name="test_confidentiality_question" time="2.834" /><testcase classname="backend.tests.test_iteration17_features.TestEncryptionAtRest" name="test_enc_prefix_in_mongo_and_decrypted_via_api" time="4.031" /><testcase classname="backend.tests.test_iteration17_features.TestEncryptionAtRest" name="test_backward_compat_plaintext" time="0.120" /><testcase classname="backend.tests.test_iteration17_features.TestTTS" name="test_male_ru" time="1.472" /><testcase classname="backend.tests.test_iteration17_features.TestTTS" name="test_female_ru" time="1.590" /><testcase classname="backend.tests.test_iteration17_features.TestTTS" name="test_male_en" time="1.470" /><testcase classname="backend.tests.test_iteration17_features.TestTTS" name="test_female_en" time="1.379" /></testsuite></testsuites>