<?xml version="1.0" encoding="utf-8"?><testsuites name="pytest tests"><testsuite name="pytest" errors="0" failures="0" skipped="0" tests="12" time="5.689" timestamp="2026-04-17T06:55:30.587802+00:00" hostname="agent-env-ae2f896a-c0ab-4f9c-8724-45c7acc84002"><testcase classname="backend.tests.test_payments_iter12.TestPaymentFlow" name="test_01_test_tariff_immediate_activation" time="0.247" /><testcase classname="backend.tests.test_payments_iter12.TestPaymentFlow" name="test_02_test_tariff_already_used" time="0.235" /><testcase classname="backend.tests.test_payments_iter12.TestPaymentFlow" name="test_03_hour_tariff_returns_stripe_url" time="0.588" /><testcase classname="backend.tests.test_payments_iter12.TestPaymentFlow" name="test_04_week_tariff_returns_stripe_url" time="0.583" /><testcase classname="backend.tests.test_payments_iter12.TestPaymentFlow" name="test_05_month_tariff_returns_stripe_url" time="0.603" /><testcase classname="backend.tests.test_payments_iter12.TestPaymentFlow" name="test_06_invalid_tariff_returns_400" time="0.169" /><testcase classname="backend.tests.test_payments_iter12.TestPaymentFlow" name="test_07_payment_status_pending_session" time="0.806" /><testcase classname="backend.tests.test_payments_iter12.TestPaymentFlow" name="test_08_payment_status_nonexistent_session" time="0.154" /><testcase classname="backend.tests.test_payments_iter12.TestPaymentFlow" name="test_09_webhook_endpoint_exists" time="0.223" /><testcase classname="backend.tests.test_payments_iter12.TestPaymentTransactionRecords" name="test_10_transaction_record_created" time="0.699" /><testcase classname="backend.tests.test_payments_iter12.TestTariffEndpoint" name="test_11_tariffs_endpoint_returns_all_tariffs" time="0.124" /><testcase classname="backend.tests.test_payments_iter12.TestIdempotency" name="test_12_idempotent_status_checks" time="1.185" /></testsuite></testsuites>