<?xml version="1.0" encoding="utf-8"?><testsuites name="pytest tests"><testsuite name="pytest" errors="0" failures="0" skipped="0" tests="28" time="58.202" timestamp="2026-04-17T00:32:38.387489+00:00" hostname="agent-env-3151de77-c154-4b99-80fd-c1f5f7d8600e"><testcase classname="backend.tests.test_iteration7_features.TestSelectedVoiceDefault" name="test_guest_user_has_selected_voice_null" time="0.206" /><testcase classname="backend.tests.test_iteration7_features.TestSelectedVoiceDefault" name="test_registered_user_has_selected_voice_null" time="0.370" /><testcase classname="backend.tests.test_iteration7_features.TestChatWithNewSystemPrompt" name="test_chat_response_style_short_sentences" time="4.138" /><testcase classname="backend.tests.test_iteration7_features.TestChatWithNewSystemPrompt" name="test_chat_response_empathetic_no_cliches" time="2.254" /><testcase classname="backend.tests.test_iteration7_features.TestNameExtraction" name="test_name_extraction_menya_zovut_pattern" time="2.626" /><testcase classname="backend.tests.test_iteration7_features.TestNameExtraction" name="test_name_extraction_short_reply_pattern" time="3.961" /><testcase classname="backend.tests.test_iteration7_features.TestNameExtraction" name="test_name_extraction_english_pattern" time="2.979" /><testcase classname="backend.tests.test_iteration7_features.TestPersonalizationContext" name="test_personalization_uses_saved_name" time="9.897" /><testcase classname="backend.tests.test_miro_care_api.TestHealthAndPublicEndpoints" name="test_get_problems_returns_10_categories" time="0.135" /><testcase classname="backend.tests.test_miro_care_api.TestHealthAndPublicEndpoints" name="test_get_tariffs_returns_4_plans" time="0.106" /><testcase classname="backend.tests.test_miro_care_api.TestHealthAndPublicEndpoints" name="test_get_specialists" time="0.109" /><testcase classname="backend.tests.test_miro_care_api.TestAuthFlow" name="test_register_new_user" time="0.345" /><testcase classname="backend.tests.test_miro_care_api.TestAuthFlow" name="test_register_duplicate_email_fails" time="0.518" /><testcase classname="backend.tests.test_miro_care_api.TestAuthFlow" name="test_login_admin_success" time="0.338" /><testcase classname="backend.tests.test_miro_care_api.TestAuthFlow" name="test_login_invalid_credentials_fails" time="0.342" /><testcase classname="backend.tests.test_miro_care_api.TestAuthFlow" name="test_get_me_without_auth_fails" time="0.117" /><testcase classname="backend.tests.test_miro_care_api.TestAuthFlow" name="test_get_me_with_token_succeeds" time="0.449" /><testcase classname="backend.tests.test_miro_care_api.TestUserSettings" name="test_update_voice_setting" time="0.601" /><testcase classname="backend.tests.test_miro_care_api.TestUserSettings" name="test_update_problem_setting" time="0.566" /><testcase classname="backend.tests.test_miro_care_api.TestUserSettings" name="test_update_language_setting" time="0.607" /><testcase classname="backend.tests.test_miro_care_api.TestUserSettings" name="test_update_theme_setting" time="0.550" /><testcase classname="backend.tests.test_miro_care_api.TestChatEndpoint" name="test_chat_sends_message_and_gets_response" time="4.375" /><testcase classname="backend.tests.test_miro_care_api.TestChatEndpoint" name="test_chat_without_auth_fails" time="0.111" /><testcase classname="backend.tests.test_miro_care_api.TestChatImageEndpoint" name="test_chat_image_endpoint_exists" time="5.974" /><testcase classname="backend.tests.test_miro_care_api.TestChatImageEndpoint" name="test_chat_image_with_valid_base64" time="14.539" /><testcase classname="backend.tests.test_miro_care_api.TestChatImageEndpoint" name="test_chat_image_without_auth_fails" time="0.144" /><testcase classname="backend.tests.test_miro_care_api.TestPaymentEndpoints" name="test_create_checkout_for_paid_tariff" time="1.033" /><testcase classname="backend.tests.test_miro_care_api.TestPaymentEndpoints" name="test_create_checkout_invalid_tariff_fails" time="0.590" /></testsuite></testsuites>