<?xml version="1.0" encoding="utf-8"?><testsuites name="pytest tests"><testsuite name="pytest" errors="0" failures="0" skipped="0" tests="11" time="8.380" timestamp="2026-04-18T04:23:08.865009+00:00" hostname="agent-env-73f5b93c-e598-48e2-a0e6-393a2969ab54"><testcase classname="backend.tests.test_iteration16_tts_streaming.TestTTSStreamingS1Backend" name="test_tts_returns_audio_with_s1_backend" time="0.888" /><testcase classname="backend.tests.test_iteration16_tts_streaming.TestTTSStreamingS1Backend" name="test_tts_ttfb_under_1_second" time="0.650" /><testcase classname="backend.tests.test_iteration16_tts_streaming.TestTTSStreamingS1Backend" name="test_tts_male_voice_works" time="0.682" /><testcase classname="backend.tests.test_iteration16_tts_streaming.TestTTSStreamingS1Backend" name="test_tts_female_voice_works" time="0.858" /><testcase classname="backend.tests.test_iteration16_tts_streaming.TestChatEmotionMarkersStripped" name="test_chat_response_no_emotion_markers" time="2.510" /><testcase classname="backend.tests.test_iteration16_tts_streaming.TestAuthNoRegressions" name="test_guest_auth_works" time="0.132" /><testcase classname="backend.tests.test_iteration16_tts_streaming.TestAuthNoRegressions" name="test_admin_login_works" time="0.338" /><testcase classname="backend.tests.test_iteration16_tts_streaming.TestAuthNoRegressions" name="test_chat_with_guest_token_works" time="1.863" /><testcase classname="backend.tests.test_iteration16_tts_streaming.TestStaticEndpointsNoRegressions" name="test_problems_endpoint" time="0.106" /><testcase classname="backend.tests.test_iteration16_tts_streaming.TestStaticEndpointsNoRegressions" name="test_tariffs_endpoint" time="0.145" /><testcase classname="backend.tests.test_iteration16_tts_streaming.TestStaticEndpointsNoRegressions" name="test_specialists_endpoint" time="0.118" /></testsuite></testsuites>