<?xml version="1.0" encoding="utf-8"?><testsuites name="pytest tests"><testsuite name="pytest" errors="0" failures="0" skipped="0" tests="17" time="9.615" timestamp="2026-04-16T23:12:45.610457+00:00" hostname="agent-env-0661dbbc-a108-4fde-81c9-9070df782955"><testcase classname="backend.tests.test_miro_care_api.TestHealthAndPublicEndpoints" name="test_get_problems_returns_10_categories" time="0.152" /><testcase classname="backend.tests.test_miro_care_api.TestHealthAndPublicEndpoints" name="test_get_tariffs_returns_4_plans" time="0.170" /><testcase classname="backend.tests.test_miro_care_api.TestHealthAndPublicEndpoints" name="test_get_specialists" time="0.179" /><testcase classname="backend.tests.test_miro_care_api.TestAuthFlow" name="test_register_new_user" time="0.351" /><testcase classname="backend.tests.test_miro_care_api.TestAuthFlow" name="test_register_duplicate_email_fails" time="0.514" /><testcase classname="backend.tests.test_miro_care_api.TestAuthFlow" name="test_login_admin_success" time="0.360" /><testcase classname="backend.tests.test_miro_care_api.TestAuthFlow" name="test_login_invalid_credentials_fails" time="0.334" /><testcase classname="backend.tests.test_miro_care_api.TestAuthFlow" name="test_get_me_without_auth_fails" time="0.114" /><testcase classname="backend.tests.test_miro_care_api.TestAuthFlow" name="test_get_me_with_token_succeeds" time="0.484" /><testcase classname="backend.tests.test_miro_care_api.TestUserSettings" name="test_update_voice_setting" time="0.571" /><testcase classname="backend.tests.test_miro_care_api.TestUserSettings" name="test_update_problem_setting" time="0.656" /><testcase classname="backend.tests.test_miro_care_api.TestUserSettings" name="test_update_language_setting" time="0.681" /><testcase classname="backend.tests.test_miro_care_api.TestUserSettings" name="test_update_theme_setting" time="0.599" /><testcase classname="backend.tests.test_miro_care_api.TestChatEndpoint" name="test_chat_sends_message_and_gets_response" time="2.690" /><testcase classname="backend.tests.test_miro_care_api.TestChatEndpoint" name="test_chat_without_auth_fails" time="0.130" /><testcase classname="backend.tests.test_miro_care_api.TestPaymentEndpoints" name="test_create_checkout_for_paid_tariff" time="1.068" /><testcase classname="backend.tests.test_miro_care_api.TestPaymentEndpoints" name="test_create_checkout_invalid_tariff_fails" time="0.464" /></testsuite></testsuites>