<?xml version="1.0" encoding="utf-8"?><testsuites name="pytest tests"><testsuite name="pytest" errors="0" failures="0" skipped="0" tests="10" time="23.482" timestamp="2026-04-22T00:03:13.169377+00:00" hostname="agent-env-68ee1080-e407-4315-9eaf-28e64cc3bc01"><testcase classname="backend.tests.test_iteration22_photo_analysis" name="test_health" time="0.325" /><testcase classname="backend.tests.test_iteration22_photo_analysis" name="test_problems" time="0.073" /><testcase classname="backend.tests.test_iteration22_photo_analysis" name="test_tariffs" time="0.074" /><testcase classname="backend.tests.test_iteration22_photo_analysis" name="test_specialists" time="0.073" /><testcase classname="backend.tests.test_iteration22_photo_analysis" name="test_chat_no_closed_ending" time="2.679" /><testcase classname="backend.tests.test_iteration22_photo_analysis" name="test_image_first_photo_200_russian" time="20.189" /><testcase classname="backend.tests.test_iteration22_photo_analysis" name="test_image_second_photo_200_russian" time="0.000" /><testcase classname="backend.tests.test_iteration22_photo_analysis" name="test_image_third_photo_200_russian" time="0.000" /><testcase classname="backend.tests.test_iteration22_photo_analysis" name="test_image_responses_no_forbidden_words" time="0.000" /><testcase classname="backend.tests.test_iteration22_photo_analysis" name="test_image_2nd_differs_from_1st" time="0.000" /></testsuite></testsuites>