<?xml version="1.0" encoding="utf-8"?><testsuites name="pytest tests"><testsuite name="pytest" errors="0" failures="0" skipped="0" tests="17" time="27.310" timestamp="2026-04-19T09:30:50.466821+00:00" hostname="agent-env-2f3e0a93-a2c3-4ef7-a4f6-7c35011c17d9"><testcase classname="backend.tests.test_iteration19_full_regression" name="test_health" time="0.213" /><testcase classname="backend.tests.test_iteration19_full_regression" name="test_guest_auth_returns_jwt" time="0.064" /><testcase classname="backend.tests.test_iteration19_full_regression" name="test_admin_login_returns_jwt" time="0.282" /><testcase classname="backend.tests.test_iteration19_full_regression" name="test_admin_me" time="0.104" /><testcase classname="backend.tests.test_iteration19_full_regression" name="test_chat_long_reply_ends_on_sentence[ru-\u041f\u0440\u0438\u0432\u0435\u0442! \u0420\u0430\u0441\u0441\u043a\u0430\u0436\u0438 \u043f\u043e\u0434\u0440\u043e\u0431\u043d\u043e \u0447\u0442\u043e \u0442\u0430\u043a\u043e\u0435 \u043a\u043e\u0433\u043d\u0438\u0442\u0438\u0432\u043d\u043e-\u043f\u043e\u0432\u0435\u0434\u0435\u043d\u0447\u0435\u0441\u043a\u0430\u044f \u0442\u0435\u0440\u0430\u043f\u0438\u044f \u0438 \u043f\u0440\u0438\u0432\u0435\u0434\u0438 10 \u0442\u0435\u0445\u043d\u0438\u043a.]" time="7.715" /><testcase classname="backend.tests.test_iteration19_full_regression" name="test_chat_long_reply_ends_on_sentence[en-Hello, can you describe in detail what cognitive-behavioural therapy is and list 10 techniques?]" time="5.611" /><testcase classname="backend.tests.test_iteration19_full_regression" name="test_encryption_at_rest" time="5.959" /><testcase classname="backend.tests.test_iteration19_full_regression" name="test_tts_mp3[male]" time="0.875" /><testcase classname="backend.tests.test_iteration19_full_regression" name="test_tts_mp3[female]" time="1.183" /><testcase classname="backend.tests.test_iteration19_full_regression" name="test_agent_switch_sessions_coexist" time="4.363" /><testcase classname="backend.tests.test_iteration19_full_regression" name="test_bookings_slots" time="0.052" /><testcase classname="backend.tests.test_iteration19_full_regression" name="test_tariffs" time="0.048" /><testcase classname="backend.tests.test_iteration19_full_regression" name="test_put_user_voice_persists" time="0.244" /><testcase classname="backend.tests.test_iteration19_full_regression" name="test_pwa_manifest_served" time="0.103" /><testcase classname="backend.tests.test_iteration19_full_regression" name="test_pwa_service_worker_served" time="0.107" /><testcase classname="backend.tests.test_iteration19_full_regression" name="test_pwa_icons_served[/icon-192.png]" time="0.105" /><testcase classname="backend.tests.test_iteration19_full_regression" name="test_pwa_icons_served[/icon-512.png]" time="0.130" /></testsuite></testsuites>