<?xml version="1.0" encoding="utf-8"?><testsuites name="pytest tests"><testsuite name="pytest" errors="0" failures="0" skipped="0" tests="32" time="9.625" timestamp="2026-04-17T03:08:10.653295+00:00" hostname="agent-env-7daf4050-ca63-41d2-82ee-b9d7f42390dd"><testcase classname="backend.tests.test_iteration9_refactor.TestBackendStartup" name="test_problems_endpoint_responds" time="0.230" /><testcase classname="backend.tests.test_iteration9_refactor.TestBackendStartup" name="test_tariffs_endpoint_responds" time="0.160" /><testcase classname="backend.tests.test_iteration9_refactor.TestBackendStartup" name="test_specialists_endpoint_responds" time="0.118" /><testcase classname="backend.tests.test_iteration9_refactor.TestAuthRoutes" name="test_create_guest_user" time="0.115" /><testcase classname="backend.tests.test_iteration9_refactor.TestAuthRoutes" name="test_register_new_user_returns_token" time="0.345" /><testcase classname="backend.tests.test_iteration9_refactor.TestAuthRoutes" name="test_register_duplicate_returns_400" time="0.535" /><testcase classname="backend.tests.test_iteration9_refactor.TestAuthRoutes" name="test_login_test_user_success" time="0.352" /><testcase classname="backend.tests.test_iteration9_refactor.TestAuthRoutes" name="test_login_admin_success" time="0.383" /><testcase classname="backend.tests.test_iteration9_refactor.TestAuthRoutes" name="test_login_wrong_password_returns_401" time="0.351" /><testcase classname="backend.tests.test_iteration9_refactor.TestAuthRoutes" name="test_get_me_without_token_returns_401" time="0.150" /><testcase classname="backend.tests.test_iteration9_refactor.TestAuthRoutes" name="test_get_me_with_admin_token" time="0.440" /><testcase classname="backend.tests.test_iteration9_refactor.TestAuthRoutes" name="test_get_me_with_test_user_token" time="0.449" /><testcase classname="backend.tests.test_iteration9_refactor.TestAuthRoutes" name="test_logout_clears_session" time="0.109" /><testcase classname="backend.tests.test_iteration9_refactor.TestLookupData" name="test_problems_have_correct_structure" time="0.108" /><testcase classname="backend.tests.test_iteration9_refactor.TestLookupData" name="test_tariffs_prices_and_minutes" time="0.110" /><testcase classname="backend.tests.test_iteration9_refactor.TestLookupData" name="test_specialists_filter_by_problem" time="0.125" /><testcase classname="backend.tests.test_iteration9_refactor.TestBookingsRoutes" name="test_get_booking_slots_requires_auth" time="0.115" /><testcase classname="backend.tests.test_iteration9_refactor.TestBookingsRoutes" name="test_get_booking_slots_returns_calendar" time="0.469" /><testcase classname="backend.tests.test_iteration9_refactor.TestBookingsRoutes" name="test_get_my_bookings_requires_auth" time="0.112" /><testcase classname="backend.tests.test_iteration9_refactor.TestBookingsRoutes" name="test_get_my_bookings_returns_list" time="0.484" /><testcase classname="backend.tests.test_iteration9_refactor.TestChatRoutes" name="test_chat_history_requires_auth" time="0.121" /><testcase classname="backend.tests.test_iteration9_refactor.TestChatRoutes" name="test_chat_history_returns_messages" time="0.476" /><testcase classname="backend.tests.test_iteration9_refactor.TestChatRoutes" name="test_chat_sessions_requires_auth" time="0.113" /><testcase classname="backend.tests.test_iteration9_refactor.TestChatRoutes" name="test_chat_sessions_returns_list" time="0.481" /><testcase classname="backend.tests.test_iteration9_refactor.TestUserSettingsRoutes" name="test_update_voice_and_verify" time="0.597" /><testcase classname="backend.tests.test_iteration9_refactor.TestUserSettingsRoutes" name="test_update_language_and_verify" time="0.578" /><testcase classname="backend.tests.test_iteration9_refactor.TestUserSettingsRoutes" name="test_update_voice_requires_auth" time="0.107" /><testcase classname="backend.tests.test_iteration9_refactor.TestUserSettingsRoutes" name="test_update_language_requires_auth" time="0.106" /><testcase classname="backend.tests.test_iteration9_refactor.TestPaymentsRoutes" name="test_create_checkout_test_tariff_activates" time="0.445" /><testcase classname="backend.tests.test_iteration9_refactor.TestPaymentsRoutes" name="test_create_checkout_test_tariff_twice_fails" time="0.541" /><testcase classname="backend.tests.test_iteration9_refactor.TestPaymentsRoutes" name="test_create_checkout_invalid_tariff_returns_400" time="0.464" /><testcase classname="backend.tests.test_iteration9_refactor.TestPaymentsRoutes" name="test_create_checkout_requires_auth" time="0.108" /></testsuite></testsuites>