<?xml version="1.0" encoding="utf-8"?><testsuites name="pytest tests"><testsuite name="pytest" errors="0" failures="0" skipped="0" tests="25" time="52.465" timestamp="2026-04-17T03:52:46.732753+00:00" hostname="agent-env-7daf4050-ca63-41d2-82ee-b9d7f42390dd"><testcase classname="backend.tests.test_session_notes.TestSessionNotesAuth" name="test_get_notes_requires_auth" time="0.129" /><testcase classname="backend.tests.test_session_notes.TestSessionNotesAuth" name="test_delete_notes_requires_auth" time="0.102" /><testcase classname="backend.tests.test_session_notes.TestGetNotesEmpty" name="test_get_notes_returns_200" time="0.447" /><testcase classname="backend.tests.test_session_notes.TestGetNotesEmpty" name="test_get_notes_has_notes_field" time="0.438" /><testcase classname="backend.tests.test_session_notes.TestGetNotesEmpty" name="test_get_notes_has_updated_at_field" time="0.459" /><testcase classname="backend.tests.test_session_notes.TestGetNotesEmpty" name="test_fresh_guest_has_empty_notes" time="0.337" /><testcase classname="backend.tests.test_session_notes.TestDeleteNotes" name="test_delete_notes_returns_200" time="0.441" /><testcase classname="backend.tests.test_session_notes.TestDeleteNotes" name="test_delete_notes_returns_message" time="0.445" /><testcase classname="backend.tests.test_session_notes.TestDeleteNotes" name="test_notes_empty_after_delete" time="0.540" /><testcase classname="backend.tests.test_session_notes.TestDeleteNotes" name="test_delete_is_idempotent" time="0.549" /><testcase classname="backend.tests.test_session_notes.TestSessionNotesTrigger" name="test_notes_populated_after_6_messages" time="41.589" /><testcase classname="backend.tests.test_session_notes.TestSessionNotesTrigger" name="test_updated_at_set_after_6_messages" time="0.110" /><testcase classname="backend.tests.test_session_notes.TestSessionNotesTrigger" name="test_notes_are_string_type" time="0.102" /><testcase classname="backend.tests.test_session_notes.TestSessionNotesTrigger" name="test_notes_within_1500_char_cap" time="0.114" /><testcase classname="backend.tests.test_session_notes.TestSessionNotesTrigger" name="test_delete_notes_after_6_messages" time="0.332" /><testcase classname="backend.tests.test_session_notes.TestLoadPersonalContext" name="test_chat_works_for_user_with_notes" time="2.567" /><testcase classname="backend.tests.test_session_notes.TestAuthMeRegression" name="test_auth_me_returns_200" time="0.426" /><testcase classname="backend.tests.test_session_notes.TestAuthMeRegression" name="test_auth_me_returns_correct_email" time="0.448" /><testcase classname="backend.tests.test_session_notes.TestAuthMeRegression" name="test_auth_me_has_required_fields" time="0.460" /><testcase classname="backend.tests.test_session_notes.TestAuthMeRegression" name="test_auth_me_role_is_user" time="0.449" /><testcase classname="backend.tests.test_session_notes.TestAuthMeRegression" name="test_admin_auth_me" time="0.448" /><testcase classname="backend.tests.test_session_notes.TestChatHistoryRegression" name="test_history_requires_auth" time="0.125" /><testcase classname="backend.tests.test_session_notes.TestChatHistoryRegression" name="test_history_returns_200_for_valid_session" time="0.453" /><testcase classname="backend.tests.test_session_notes.TestChatHistoryRegression" name="test_history_returns_messages_list" time="0.445" /><testcase classname="backend.tests.test_session_notes.TestChatHistoryRegression" name="test_history_empty_for_nonexistent_session" time="0.440" /></testsuite></testsuites>