<?xml version="1.0" encoding="utf-8"?><testsuites name="pytest tests"><testsuite name="pytest" errors="0" failures="0" skipped="0" tests="19" time="28.980" timestamp="2026-04-18T03:58:17.818596+00:00" hostname="agent-env-6cddb3dd-5257-48ea-a5b0-a123fddd8362"><testcase classname="tests.test_iteration15_features.TestAuthEndpoints" name="test_guest_creation" time="0.129" /><testcase classname="tests.test_iteration15_features.TestAuthEndpoints" name="test_admin_login" time="0.342" /><testcase classname="tests.test_iteration15_features.TestAuthEndpoints" name="test_auth_me" time="0.244" /><testcase classname="tests.test_iteration15_features.TestStaticEndpoints" name="test_get_tariffs" time="0.112" /><testcase classname="tests.test_iteration15_features.TestStaticEndpoints" name="test_get_problems" time="0.109" /><testcase classname="tests.test_iteration15_features.TestStaticEndpoints" name="test_get_specialists" time="0.113" /><testcase classname="tests.test_iteration15_features.TestChatEmotionMarkers" name="test_chat_no_emotion_markers_russian" time="3.079" /><testcase classname="tests.test_iteration15_features.TestChatEmotionMarkers" name="test_chat_no_emotion_markers_english" time="4.049" /><testcase classname="tests.test_iteration15_features.TestChatMultiLanguage" name="test_chat_russian_response" time="1.916" /><testcase classname="tests.test_iteration15_features.TestChatMultiLanguage" name="test_chat_english_response" time="2.069" /><testcase classname="tests.test_iteration15_features.TestChatMultiLanguage" name="test_chat_spanish_response" time="2.822" /><testcase classname="tests.test_iteration15_features.TestChatMultiLanguage" name="test_chat_german_response" time="3.207" /><testcase classname="tests.test_iteration15_features.TestChatQuality" name="test_chat_no_markdown_lists" time="0.106" /><testcase classname="tests.test_iteration15_features.TestChatQuality" name="test_chat_response_length" time="0.128" /><testcase classname="tests.test_iteration15_features.TestChatEthicalFilter" name="test_crisis_message_russian" time="7.801" /><testcase classname="tests.test_iteration15_features.TestChatSessionContext" name="test_session_context_preserved" time="0.249" /><testcase classname="tests.test_iteration15_features.TestTTSEndpoint" name="test_tts_returns_audio" time="1.606" /><testcase classname="tests.test_iteration15_features.TestTTSEndpoint" name="test_tts_female_voice" time="0.718" /><testcase classname="tests.test_iteration15_features.TestSTTLanguageMapping" name="test_stt_endpoint_exists" time="0.107" /></testsuite></testsuites>