<?xml version="1.0" encoding="utf-8"?><testsuites name="pytest tests"><testsuite name="pytest" errors="0" failures="0" skipped="0" tests="6" time="15.904" timestamp="2026-04-21T23:01:42.026700+00:00" hostname="agent-env-097dd8bd-bdef-4d9a-87f2-d90e7201f418"><testcase classname="backend.tests.test_iteration20_unlimited_intake.TestChatUnlimited" name="test_chat_basic_no_tariff" time="3.135" /><testcase classname="backend.tests.test_iteration20_unlimited_intake.TestChatUnlimited" name="test_chat_long_session_still_unlimited" time="7.071" /><testcase classname="backend.tests.test_iteration20_unlimited_intake.TestChatUnlimited" name="test_chat_with_anketa_intake_summary" time="3.928" /><testcase classname="backend.tests.test_iteration20_unlimited_intake.TestTTSStreaming" name="test_tts_female_streams_mp3_oksana_voice" time="0.589" /><testcase classname="backend.tests.test_iteration20_unlimited_intake.TestTTSStreaming" name="test_tts_male_returns_mp3" time="0.777" /><testcase classname="backend.tests.test_iteration20_unlimited_intake.TestStaticGreetings" name="test_oksana_greeting_mp3_optional" time="0.281" /></testsuite></testsuites>