<?xml version="1.0" encoding="utf-8"?><testsuites name="pytest tests"><testsuite name="pytest" errors="0" failures="0" skipped="0" tests="29" time="13.355" timestamp="2026-04-17T06:03:57.315063+00:00" hostname="agent-env-ae2f896a-c0ab-4f9c-8724-45c7acc84002"><testcase classname="tests.test_full_features_iter11.TestAuthGuest" name="test_guest_creation" time="0.332" /><testcase classname="tests.test_full_features_iter11.TestAuthRegister" name="test_register_new_user" time="0.337" /><testcase classname="tests.test_full_features_iter11.TestAuthRegister" name="test_register_duplicate_email_rejected" time="0.429" /><testcase classname="tests.test_full_features_iter11.TestAuthLogin" name="test_admin_login" time="0.334" /><testcase classname="tests.test_full_features_iter11.TestAuthLogin" name="test_invalid_credentials_rejected" time="0.100" /><testcase classname="tests.test_full_features_iter11.TestAuthMe" name="test_auth_me_with_token" time="0.489" /><testcase classname="tests.test_full_features_iter11.TestAuthMe" name="test_auth_me_without_token_fails" time="0.109" /><testcase classname="tests.test_full_features_iter11.TestAuthLogout" name="test_logout" time="0.112" /><testcase classname="tests.test_full_features_iter11.TestProblems" name="test_problems_list" time="0.095" /><testcase classname="tests.test_full_features_iter11.TestTariffs" name="test_tariffs_list" time="0.134" /><testcase classname="tests.test_full_features_iter11.TestSpecialists" name="test_specialists_list" time="0.103" /><testcase classname="tests.test_full_features_iter11.TestSpecialists" name="test_specialists_filter_by_problem" time="0.097" /><testcase classname="tests.test_full_features_iter11.TestUserSettings" name="test_update_voice" time="0.215" /><testcase classname="tests.test_full_features_iter11.TestUserSettings" name="test_update_problem" time="0.226" /><testcase classname="tests.test_full_features_iter11.TestUserSettings" name="test_update_language" time="0.219" /><testcase classname="tests.test_full_features_iter11.TestUserSettings" name="test_update_theme" time="0.222" /><testcase classname="tests.test_full_features_iter11.TestChatAI" name="test_chat_message" time="3.399" /><testcase classname="tests.test_full_features_iter11.TestChatHistory" name="test_chat_history" time="2.934" /><testcase classname="tests.test_full_features_iter11.TestChatSessions" name="test_chat_sessions" time="0.456" /><testcase classname="tests.test_full_features_iter11.TestSessionNotes" name="test_get_session_notes" time="0.198" /><testcase classname="tests.test_full_features_iter11.TestSessionNotes" name="test_delete_session_notes" time="0.210" /><testcase classname="tests.test_full_features_iter11.TestBookingSlots" name="test_booking_slots" time="0.211" /><testcase classname="tests.test_full_features_iter11.TestBooking" name="test_book_slot" time="0.332" /><testcase classname="tests.test_full_features_iter11.TestBooking" name="test_reject_weekend_booking" time="0.215" /><testcase classname="tests.test_full_features_iter11.TestMyBookings" name="test_my_bookings" time="0.239" /><testcase classname="tests.test_full_features_iter11.TestPayments" name="test_test_tariff_activation" time="0.221" /><testcase classname="tests.test_full_features_iter11.TestPayments" name="test_paid_tariff_returns_stripe_url" time="0.745" /><testcase classname="tests.test_full_features_iter11.TestPayments" name="test_double_test_tariff_rejected" time="0.311" /><testcase classname="tests.test_full_features_iter11.TestPaymentStatus" name="test_payment_status_not_found" time="0.217" /></testsuite></testsuites>