<?xml version="1.0" encoding="utf-8"?><testsuites name="pytest tests"><testsuite name="pytest" errors="0" failures="0" skipped="0" tests="20" time="16.961" timestamp="2026-04-17T00:03:22.791949+00:00" hostname="agent-env-fbbc9764-1f4d-4163-ad08-4da41cf7d0dd"><testcase classname="backend.tests.test_miro_care_api.TestHealthAndPublicEndpoints" name="test_get_problems_returns_10_categories" time="0.240" /><testcase classname="backend.tests.test_miro_care_api.TestHealthAndPublicEndpoints" name="test_get_tariffs_returns_4_plans" time="0.127" /><testcase classname="backend.tests.test_miro_care_api.TestHealthAndPublicEndpoints" name="test_get_specialists" time="0.111" /><testcase classname="backend.tests.test_miro_care_api.TestAuthFlow" name="test_register_new_user" time="0.340" /><testcase classname="backend.tests.test_miro_care_api.TestAuthFlow" name="test_register_duplicate_email_fails" time="0.468" /><testcase classname="backend.tests.test_miro_care_api.TestAuthFlow" name="test_login_admin_success" time="0.348" /><testcase classname="backend.tests.test_miro_care_api.TestAuthFlow" name="test_login_invalid_credentials_fails" time="0.376" /><testcase classname="backend.tests.test_miro_care_api.TestAuthFlow" name="test_get_me_without_auth_fails" time="0.107" /><testcase classname="backend.tests.test_miro_care_api.TestAuthFlow" name="test_get_me_with_token_succeeds" time="0.463" /><testcase classname="backend.tests.test_miro_care_api.TestUserSettings" name="test_update_voice_setting" time="0.580" /><testcase classname="backend.tests.test_miro_care_api.TestUserSettings" name="test_update_problem_setting" time="0.575" /><testcase classname="backend.tests.test_miro_care_api.TestUserSettings" name="test_update_language_setting" time="0.529" /><testcase classname="backend.tests.test_miro_care_api.TestUserSettings" name="test_update_theme_setting" time="0.603" /><testcase classname="backend.tests.test_miro_care_api.TestChatEndpoint" name="test_chat_sends_message_and_gets_response" time="2.919" /><testcase classname="backend.tests.test_miro_care_api.TestChatEndpoint" name="test_chat_without_auth_fails" time="0.117" /><testcase classname="backend.tests.test_miro_care_api.TestChatImageEndpoint" name="test_chat_image_endpoint_exists" time="4.688" /><testcase classname="backend.tests.test_miro_care_api.TestChatImageEndpoint" name="test_chat_image_with_valid_base64" time="2.567" /><testcase classname="backend.tests.test_miro_care_api.TestChatImageEndpoint" name="test_chat_image_without_auth_fails" time="0.115" /><testcase classname="backend.tests.test_miro_care_api.TestPaymentEndpoints" name="test_create_checkout_for_paid_tariff" time="1.167" /><testcase classname="backend.tests.test_miro_care_api.TestPaymentEndpoints" name="test_create_checkout_invalid_tariff_fails" time="0.448" /></testsuite></testsuites>