<?xml version="1.0" encoding="utf-8"?><testsuites name="pytest tests"><testsuite name="pytest" errors="0" failures="0" skipped="0" tests="10" time="32.475" timestamp="2026-04-21T23:44:49.642690+00:00" hostname="agent-env-68ee1080-e407-4315-9eaf-28e64cc3bc01"><testcase classname="backend.tests.test_iteration21_prompt_blocks" name="test_basic_endpoints_200[/api/health]" time="0.370" /><testcase classname="backend.tests.test_iteration21_prompt_blocks" name="test_basic_endpoints_200[/api/problems]" time="0.075" /><testcase classname="backend.tests.test_iteration21_prompt_blocks" name="test_basic_endpoints_200[/api/tariffs]" time="0.070" /><testcase classname="backend.tests.test_iteration21_prompt_blocks" name="test_basic_endpoints_200[/api/specialists]" time="0.066" /><testcase classname="backend.tests.test_iteration21_prompt_blocks" name="test_chat_basic_russian_open_ending" time="3.845" /><testcase classname="backend.tests.test_iteration21_prompt_blocks" name="test_chat_multi_turn_no_repeat" time="7.782" /><testcase classname="backend.tests.test_iteration21_prompt_blocks" name="test_chat_after_intake_no_repeat_questions" time="5.533" /><testcase classname="backend.tests.test_iteration21_prompt_blocks" name="test_chat_unlimited_no_paywall" time="13.531" /><testcase classname="backend.tests.test_iteration21_prompt_blocks" name="test_tts_streaming[male-5cfccfb8]" time="0.472" /><testcase classname="backend.tests.test_iteration21_prompt_blocks" name="test_tts_streaming[female-7a98513e]" time="0.606" /></testsuite></testsuites>