<?xml version="1.0" encoding="utf-8"?><testsuites name="pytest tests"><testsuite name="pytest" errors="0" failures="1" skipped="0" tests="9" time="3.623" timestamp="2026-04-19T08:33:05.957668+00:00" hostname="agent-env-2f3e0a93-a2c3-4ef7-a4f6-7c35011c17d9"><testcase classname="backend.tests.test_iteration18_i18n" name="test_health" time="0.213" /><testcase classname="backend.tests.test_iteration18_i18n" name="test_public_catalog[/api/problems-problems]" time="0.049" /><testcase classname="backend.tests.test_iteration18_i18n" name="test_public_catalog[/api/tariffs-tariffs]" time="0.044" /><testcase classname="backend.tests.test_iteration18_i18n" name="test_public_catalog[/api/specialists-specialists]" time="0.048" /><testcase classname="backend.tests.test_iteration18_i18n" name="test_admin_login" time="0.270" /><testcase classname="backend.tests.test_iteration18_i18n" name="test_chat_en_and_encryption" time="0.663"><failure message="AssertionError: {&quot;detail&quot;:&quot;Chat error: Error code: 402 - {'error': {'message': 'Insufficient credits. Add more using https://openrouter.ai/settings/credits', 'code': 402}}&quot;}&#10;assert 500 == 200&#10; +  where 500 = &lt;Response [500]&gt;.status_code">backend/tests/test_iteration18_i18n.py:86: in test_chat_en_and_encryption
    assert r.status_code == 200, r.text
E   AssertionError: {"detail":"Chat error: Error code: 402 - {'error': {'message': 'Insufficient credits. Add more using https://openrouter.ai/settings/credits', 'code': 402}}"}
E   assert 500 == 200
E    +  where 500 = &lt;Response [500]&gt;.status_code</failure></testcase><testcase classname="backend.tests.test_iteration18_i18n" name="test_tts[male-en]" time="0.944" /><testcase classname="backend.tests.test_iteration18_i18n" name="test_tts[female-en]" time="1.234" /><testcase classname="backend.tests.test_iteration18_i18n" name="test_translations_extra_has_new_keys" time="0.003" /></testsuite></testsuites>