<?xml version="1.0" encoding="utf-8"?><testsuites name="pytest tests"><testsuite name="pytest" errors="0" failures="0" skipped="0" tests="17" time="11.607" timestamp="2026-04-16T17:15:14.872833+00:00" hostname="agent-env-6864e88c-9176-4de6-81d0-b8f125677d78"><testcase classname="backend.tests.test_miro_care_api.TestHealthAndPublicEndpoints" name="test_get_problems_returns_10_categories" time="0.350" /><testcase classname="backend.tests.test_miro_care_api.TestHealthAndPublicEndpoints" name="test_get_tariffs_returns_4_plans" time="0.142" /><testcase classname="backend.tests.test_miro_care_api.TestHealthAndPublicEndpoints" name="test_get_specialists" time="0.145" /><testcase classname="backend.tests.test_miro_care_api.TestAuthFlow" name="test_register_new_user" time="0.464" /><testcase classname="backend.tests.test_miro_care_api.TestAuthFlow" name="test_register_duplicate_email_fails" time="0.536" /><testcase classname="backend.tests.test_miro_care_api.TestAuthFlow" name="test_login_admin_success" time="0.473" /><testcase classname="backend.tests.test_miro_care_api.TestAuthFlow" name="test_login_invalid_credentials_fails" time="0.368" /><testcase classname="backend.tests.test_miro_care_api.TestAuthFlow" name="test_get_me_without_auth_fails" time="0.192" /><testcase classname="backend.tests.test_miro_care_api.TestAuthFlow" name="test_get_me_with_token_succeeds" time="0.491" /><testcase classname="backend.tests.test_miro_care_api.TestUserSettings" name="test_update_voice_setting" time="0.723" /><testcase classname="backend.tests.test_miro_care_api.TestUserSettings" name="test_update_problem_setting" time="0.594" /><testcase classname="backend.tests.test_miro_care_api.TestUserSettings" name="test_update_language_setting" time="0.802" /><testcase classname="backend.tests.test_miro_care_api.TestUserSettings" name="test_update_theme_setting" time="0.604" /><testcase classname="backend.tests.test_miro_care_api.TestChatEndpoint" name="test_chat_sends_message_and_gets_response" time="3.738" /><testcase classname="backend.tests.test_miro_care_api.TestChatEndpoint" name="test_chat_without_auth_fails" time="0.155" /><testcase classname="backend.tests.test_miro_care_api.TestPaymentEndpoints" name="test_create_checkout_for_paid_tariff" time="1.109" /><testcase classname="backend.tests.test_miro_care_api.TestPaymentEndpoints" name="test_create_checkout_invalid_tariff_fails" time="0.511" /></testsuite></testsuites>